\BOOKMARK [0][-]{chapter*.2}{List of Figures}{}% 1
\BOOKMARK [0][-]{chapter*.3}{List of Tables}{}% 2
\BOOKMARK [0][-]{chapter*.5}{Acknowledgments}{}% 3
\BOOKMARK [0][-]{chapter*.6}{Abstract}{}% 4
\BOOKMARK [0][-]{chapter.1}{Introduction}{}% 5
\BOOKMARK [1][-]{section.1.1}{Human Genetics and the search for the genetic basis of human phenotypes}{chapter.1}% 6
\BOOKMARK [1][-]{section.1.2}{Functional genomics and the investigation of the non-coding regions of the genome}{chapter.1}% 7
\BOOKMARK [1][-]{section.1.3}{Tuberculosis and the genetic basis of susceptibility}{chapter.1}% 8
\BOOKMARK [1][-]{section.1.4}{Single cell sequencing technology and the future of functional genomics}{chapter.1}% 9
\BOOKMARK [0][-]{chapter.2}{Alternative polyadenylation mediates genetic regulation of gene expression}{}% 10
\BOOKMARK [1][-]{section.2.1}{Abstract}{chapter.2}% 11
\BOOKMARK [1][-]{section.2.2}{Introduction}{chapter.2}% 12
\BOOKMARK [1][-]{section.2.3}{Results}{chapter.2}% 13
\BOOKMARK [2][-]{subsection.2.3.1}{Alternative polyadenylation in human LCLs as defined using Nuclear and Total mRNA 3' Seq}{section.2.3}% 14
\BOOKMARK [2][-]{subsection.2.3.2}{Genetic loci associated with variation in APA}{section.2.3}% 15
\BOOKMARK [2][-]{subsection.2.3.3}{Impact of apaQTLs on gene expression levels}{section.2.3}% 16
\BOOKMARK [2][-]{subsection.2.3.4}{APA mediates gene regulation independently of mRNA expression levels}{section.2.3}% 17
\BOOKMARK [2][-]{subsection.2.3.5}{APA mediates genetic effects on complex traits}{section.2.3}% 18
\BOOKMARK [1][-]{section.2.4}{Discussion}{chapter.2}% 19
\BOOKMARK [1][-]{section.2.5}{Methods}{chapter.2}% 20
\BOOKMARK [2][-]{subsection.2.5.1}{Cell Culture}{section.2.5}% 21
\BOOKMARK [2][-]{subsection.2.5.2}{Collection and RNA extraction}{section.2.5}% 22
\BOOKMARK [2][-]{subsection.2.5.3}{3' Sequencing library generation}{section.2.5}% 23
\BOOKMARK [2][-]{subsection.2.5.4}{3' Sequencing data processing}{section.2.5}% 24
\BOOKMARK [2][-]{subsection.2.5.5}{Identification and characerization of PAS}{section.2.5}% 25
\BOOKMARK [2][-]{subsection.2.5.6}{PAS Signal site enrichment and locations}{section.2.5}% 26
\BOOKMARK [2][-]{subsection.2.5.7}{Differential Isoform analysis}{section.2.5}% 27
\BOOKMARK [2][-]{subsection.2.5.8}{apaQTL calling in both fractions}{section.2.5}% 28
\BOOKMARK [2][-]{subsection.2.5.9}{Association of apaQTLs with chromatin states}{section.2.5}% 29
\BOOKMARK [2][-]{subsection.2.5.10}{apaQTL overlap with eQTLs}{section.2.5}% 30
\BOOKMARK [2][-]{subsection.2.5.11}{apaQTLs overlap with ribosome specific and protein specific QTLs}{section.2.5}% 31
\BOOKMARK [2][-]{subsection.2.5.12}{Identification of molecular QTL associations}{section.2.5}% 32
\BOOKMARK [2][-]{subsection.2.5.13}{PAS heritability estimates and apaQTL overlap with GWAS Catalog}{section.2.5}% 33
\BOOKMARK [2][-]{subsection.2.5.14}{Data and code availability}{section.2.5}% 34
\BOOKMARK [1][-]{section.2.6}{Acknowledgments}{chapter.2}% 35
\BOOKMARK [1][-]{section.2.7}{Author Contributions}{chapter.2}% 36
\BOOKMARK [1][-]{section.2.8}{Supplementary Information}{chapter.2}% 37
\BOOKMARK [2][-]{subsection.2.8.1}{Supplementary Figures}{section.2.8}% 38
\BOOKMARK [1][-]{section.2.9}{Supplementary file 1}{chapter.2}% 39
\BOOKMARK [2][-]{subsection.2.9.1}{3' Sequencing of nuclear mRNA captures mRNA species independent of mRNA decay}{section.2.9}% 40
\BOOKMARK [2][-]{subsection.2.9.2}{Intronic polyadenylation in other human tissues}{section.2.9}% 41
\BOOKMARK [2][-]{subsection.2.9.3}{RNA binding motifs}{section.2.9}% 42
\BOOKMARK [2][-]{subsection.2.9.4}{Correlation between variance in ribosome occupancy and variance in APA }{section.2.9}% 43
\BOOKMARK [2][-]{subsection.2.9.5}{Colocalization}{section.2.9}% 44
\BOOKMARK [2][-]{subsection.2.9.6}{Evaluating the robustness of our finding to false positives caused by mispriming}{section.2.9}% 45
\BOOKMARK [1][-]{section.2.10}{Supplementary Tables}{chapter.2}% 46
\BOOKMARK [0][-]{chapter.3}{Predicting susceptibility to tuberculosis based on gene expression profiling}{}% 47
\BOOKMARK [1][-]{section.3.1}{Abstract}{chapter.3}% 48
\BOOKMARK [1][-]{section.3.2}{Introduction}{chapter.3}% 49
\BOOKMARK [1][-]{section.3.3}{Results}{chapter.3}% 50
\BOOKMARK [1][-]{section.3.4}{Discussion}{chapter.3}% 51
\BOOKMARK [1][-]{section.3.5}{Methods}{chapter.3}% 52
\BOOKMARK [0][-]{chapter.4}{Native Elongating Transcript sequencing to measure Polymerase II elongation rate in a human population}{}% 53
\BOOKMARK [1][-]{section.4.1}{Abstract}{chapter.4}% 54
\BOOKMARK [1][-]{section.4.2}{Introduction}{chapter.4}% 55
\BOOKMARK [1][-]{section.4.3}{Results}{chapter.4}% 56
\BOOKMARK [1][-]{section.4.4}{Discussion}{chapter.4}% 57
\BOOKMARK [1][-]{section.4.5}{Methods}{chapter.4}% 58
\BOOKMARK [2][-]{subsection.4.5.1}{Cell culture of LCLs}{section.4.5}% 59
\BOOKMARK [2][-]{subsection.4.5.2}{Collections and library preparation}{section.4.5}% 60
\BOOKMARK [2][-]{subsection.4.5.3}{Data processing}{section.4.5}% 61
\BOOKMARK [0][-]{chapter.5}{Conclusion}{}% 62
\BOOKMARK [1][-]{section.5.1}{A joint Bayesian model provides a general framework for analyzing functional genomics studies with many conditions}{chapter.5}% 63
\BOOKMARK [1][-]{section.5.2}{Initial success classifying individuals susceptible to tuberculsosis and future directions}{chapter.5}% 64
\BOOKMARK [1][-]{section.5.3}{Incorporating lessons from single cell pilot study for future studies of the genetic basis of gene expression noise and the response to bacterial infection}{chapter.5}% 65
\BOOKMARK [1][-]{section.5.4}{The importance of mitigating batch effects in any genomics experiment}{chapter.5}% 66
\BOOKMARK [1][-]{section.5.5}{Concluding remarks}{chapter.5}% 67
\BOOKMARK [0][-]{section.5.5}{References}{}% 68
